{"C:\\Users\\hbaiz\\Documents\\Proyectos\\Curso React, Next, MERN, PERN\\rest-api-node-server\\src\\router.ts": {"path":"C:\\Users\\hbaiz\\Documents\\Proyectos\\Curso React, Next, MERN, PERN\\rest-api-node-server\\src\\router.ts","statementMap":{"0":{"start":{"line":1,"column":0},"end":{"line":1,"column":33}},"1":{"start":{"line":2,"column":0},"end":{"line":2,"column":130}},"2":{"start":{"line":3,"column":0},"end":{"line":3,"column":48}},"3":{"start":{"line":4,"column":0},"end":{"line":4,"column":49}},"4":{"start":{"line":6,"column":15},"end":{"line":6,"column":23}},"5":{"start":{"line":8,"column":0},"end":{"line":8,"column":37}},"6":{"start":{"line":9,"column":0},"end":{"line":12,"column":20}},"7":{"start":{"line":14,"column":0},"end":{"line":22,"column":2}},"8":{"start":{"line":19,"column":25},"end":{"line":19,"column":33}},"9":{"start":{"line":24,"column":0},"end":{"line":33,"column":2}},"10":{"start":{"line":29,"column":25},"end":{"line":29,"column":33}},"11":{"start":{"line":36,"column":0},"end":{"line":40,"column":2}},"12":{"start":{"line":43,"column":0},"end":{"line":47,"column":2}},"13":{"start":{"line":49,"column":0},"end":{"line":49,"column":22}}},"fnMap":{"0":{"name":"(anonymous_0)","decl":{"start":{"line":19,"column":16},"end":{"line":19,"column":21}},"loc":{"start":{"line":19,"column":25},"end":{"line":19,"column":33}}},"1":{"name":"(anonymous_1)","decl":{"start":{"line":29,"column":16},"end":{"line":29,"column":21}},"loc":{"start":{"line":29,"column":25},"end":{"line":29,"column":33}}}},"branchMap":{},"s":{"0":2,"1":2,"2":2,"3":2,"4":2,"5":2,"6":2,"7":2,"8":3,"9":2,"10":4,"11":2,"12":2,"13":2},"f":{"0":3,"1":4},"b":{}}
,"C:\\Users\\hbaiz\\Documents\\Proyectos\\Curso React, Next, MERN, PERN\\rest-api-node-server\\src\\server.ts": {"path":"C:\\Users\\hbaiz\\Documents\\Proyectos\\Curso React, Next, MERN, PERN\\rest-api-node-server\\src\\server.ts","statementMap":{"0":{"start":{"line":6,"column":0},"end":{"line":6,"column":7}},"1":{"start":{"line":1,"column":0},"end":{"line":1,"column":30}},"2":{"start":{"line":2,"column":0},"end":{"line":2,"column":30}},"3":{"start":{"line":3,"column":0},"end":{"line":3,"column":45}},"4":{"start":{"line":4,"column":0},"end":{"line":4,"column":28}},"5":{"start":{"line":7,"column":4},"end":{"line":16,"column":5}},"6":{"start":{"line":9,"column":8},"end":{"line":12,"column":11}},"7":{"start":{"line":14,"column":8},"end":{"line":14,"column":27}},"8":{"start":{"line":15,"column":8},"end":{"line":15,"column":61}},"9":{"start":{"line":18,"column":0},"end":{"line":18,"column":12}},"10":{"start":{"line":20,"column":15},"end":{"line":20,"column":24}},"11":{"start":{"line":22,"column":0},"end":{"line":22,"column":27}},"12":{"start":{"line":24,"column":0},"end":{"line":24,"column":27}},"13":{"start":{"line":25,"column":0},"end":{"line":29,"column":null}},"14":{"start":{"line":26,"column":4},"end":{"line":28,"column":5}},"15":{"start":{"line":27,"column":8},"end":{"line":27,"column":null}},"16":{"start":{"line":31,"column":0},"end":{"line":33,"column":3}},"17":{"start":{"line":32,"column":4},"end":{"line":32,"column":33}},"18":{"start":{"line":35,"column":0},"end":{"line":35,"column":22}}},"fnMap":{"0":{"name":"connectDB","decl":{"start":{"line":6,"column":22},"end":{"line":6,"column":31}},"loc":{"start":{"line":6,"column":31},"end":{"line":17,"column":1}}},"1":{"name":"(anonymous_2)","decl":{"start":{"line":9,"column":49},"end":{"line":9,"column":55}},"loc":{"start":{"line":9,"column":58},"end":{"line":12,"column":9}}},"2":{"name":"(anonymous_3)","decl":{"start":{"line":25,"column":21},"end":{"line":25,"column":30}},"loc":{"start":{"line":25,"column":31},"end":{"line":29,"column":1}}},"3":{"name":"(anonymous_4)","decl":{"start":{"line":31,"column":19},"end":{"line":31,"column":20}},"loc":{"start":{"line":31,"column":32},"end":{"line":33,"column":1}}}},"branchMap":{"0":{"loc":{"start":{"line":26,"column":4},"end":{"line":28,"column":5}},"type":"if","locations":[{"start":{"line":26,"column":4},"end":{"line":28,"column":5}}]},"1":{"loc":{"start":{"line":26,"column":8},"end":{"line":26,"column":31}},"type":"binary-expr","locations":[{"start":{"line":26,"column":8},"end":{"line":26,"column":15}},{"start":{"line":26,"column":19},"end":{"line":26,"column":31}}]}},"s":{"0":2,"1":2,"2":2,"3":2,"4":2,"5":3,"6":3,"7":2,"8":2,"9":2,"10":2,"11":2,"12":2,"13":2,"14":12,"15":12,"16":2,"17":1,"18":2},"f":{"0":3,"1":1,"2":12,"3":1},"b":{"0":[12],"1":[12,12]}}
,"C:\\Users\\hbaiz\\Documents\\Proyectos\\Curso React, Next, MERN, PERN\\rest-api-node-server\\src\\config\\db.ts": {"path":"C:\\Users\\hbaiz\\Documents\\Proyectos\\Curso React, Next, MERN, PERN\\rest-api-node-server\\src\\config\\db.ts","statementMap":{"0":{"start":{"line":1,"column":0},"end":{"line":1,"column":58}},"1":{"start":{"line":2,"column":0},"end":{"line":2,"column":28}},"2":{"start":{"line":3,"column":0},"end":{"line":3,"column":16}},"3":{"start":{"line":6,"column":11},"end":{"line":10,"column":null}},"4":{"start":{"line":13,"column":0},"end":{"line":13,"column":19}}},"fnMap":{},"branchMap":{},"s":{"0":2,"1":2,"2":2,"3":2,"4":2},"f":{},"b":{}}
,"C:\\Users\\hbaiz\\Documents\\Proyectos\\Curso React, Next, MERN, PERN\\rest-api-node-server\\src\\handlers\\product.ts": {"path":"C:\\Users\\hbaiz\\Documents\\Proyectos\\Curso React, Next, MERN, PERN\\rest-api-node-server\\src\\handlers\\product.ts","statementMap":{"0":{"start":{"line":2,"column":0},"end":{"line":2,"column":46}},"1":{"start":{"line":4,"column":30},"end":{"line":20,"column":1}},"2":{"start":{"line":5,"column":4},"end":{"line":19,"column":5}},"3":{"start":{"line":6,"column":23},"end":{"line":6,"column":33}},"4":{"start":{"line":7,"column":25},"end":{"line":11,"column":10}},"5":{"start":{"line":12,"column":8},"end":{"line":16,"column":9}},"6":{"start":{"line":13,"column":12},"end":{"line":13,"column":41}},"7":{"start":{"line":15,"column":12},"end":{"line":15,"column":68}},"8":{"start":{"line":18,"column":8},"end":{"line":18,"column":27}},"9":{"start":{"line":4,"column":13},"end":{"line":4,"column":30}},"10":{"start":{"line":22,"column":27},"end":{"line":33,"column":1}},"11":{"start":{"line":23,"column":4},"end":{"line":32,"column":5}},"12":{"start":{"line":24,"column":25},"end":{"line":28,"column":10}},"13":{"start":{"line":29,"column":8},"end":{"line":29,"column":37}},"14":{"start":{"line":31,"column":8},"end":{"line":31,"column":27}},"15":{"start":{"line":22,"column":13},"end":{"line":22,"column":27}},"16":{"start":{"line":35,"column":29},"end":{"line":42,"column":1}},"17":{"start":{"line":36,"column":4},"end":{"line":41,"column":5}},"18":{"start":{"line":37,"column":24},"end":{"line":37,"column":54}},"19":{"start":{"line":38,"column":8},"end":{"line":38,"column":46}},"20":{"start":{"line":40,"column":8},"end":{"line":40,"column":27}},"21":{"start":{"line":35,"column":13},"end":{"line":35,"column":29}},"22":{"start":{"line":44,"column":29},"end":{"line":58,"column":1}},"23":{"start":{"line":45,"column":4},"end":{"line":57,"column":5}},"24":{"start":{"line":46,"column":23},"end":{"line":46,"column":33}},"25":{"start":{"line":47,"column":24},"end":{"line":47,"column":50}},"26":{"start":{"line":48,"column":8},"end":{"line":54,"column":9}},"27":{"start":{"line":49,"column":12},"end":{"line":49,"column":43}},"28":{"start":{"line":50,"column":12},"end":{"line":50,"column":33}},"29":{"start":{"line":51,"column":12},"end":{"line":51,"column":38}},"30":{"start":{"line":53,"column":12},"end":{"line":53,"column":64}},"31":{"start":{"line":56,"column":8},"end":{"line":56,"column":27}},"32":{"start":{"line":44,"column":13},"end":{"line":44,"column":29}},"33":{"start":{"line":60,"column":34},"end":{"line":74,"column":1}},"34":{"start":{"line":61,"column":4},"end":{"line":73,"column":5}},"35":{"start":{"line":62,"column":23},"end":{"line":62,"column":33}},"36":{"start":{"line":63,"column":24},"end":{"line":63,"column":50}},"37":{"start":{"line":64,"column":8},"end":{"line":70,"column":9}},"38":{"start":{"line":65,"column":12},"end":{"line":65,"column":43}},"39":{"start":{"line":66,"column":12},"end":{"line":66,"column":33}},"40":{"start":{"line":67,"column":12},"end":{"line":67,"column":38}},"41":{"start":{"line":69,"column":12},"end":{"line":69,"column":64}},"42":{"start":{"line":72,"column":8},"end":{"line":72,"column":27}},"43":{"start":{"line":60,"column":13},"end":{"line":60,"column":34}},"44":{"start":{"line":76,"column":29},"end":{"line":89,"column":1}},"45":{"start":{"line":77,"column":4},"end":{"line":88,"column":5}},"46":{"start":{"line":78,"column":23},"end":{"line":78,"column":33}},"47":{"start":{"line":79,"column":24},"end":{"line":79,"column":50}},"48":{"start":{"line":80,"column":8},"end":{"line":85,"column":9}},"49":{"start":{"line":81,"column":12},"end":{"line":81,"column":36}},"50":{"start":{"line":82,"column":12},"end":{"line":82,"column":60}},"51":{"start":{"line":84,"column":12},"end":{"line":84,"column":64}},"52":{"start":{"line":87,"column":8},"end":{"line":87,"column":27}},"53":{"start":{"line":76,"column":13},"end":{"line":76,"column":29}}},"fnMap":{"0":{"name":"(anonymous_1)","decl":{"start":{"line":4,"column":30},"end":{"line":4,"column":35}},"loc":{"start":{"line":4,"column":68},"end":{"line":20,"column":1}}},"1":{"name":"(anonymous_2)","decl":{"start":{"line":22,"column":27},"end":{"line":22,"column":32}},"loc":{"start":{"line":22,"column":65},"end":{"line":33,"column":1}}},"2":{"name":"(anonymous_3)","decl":{"start":{"line":35,"column":29},"end":{"line":35,"column":34}},"loc":{"start":{"line":35,"column":67},"end":{"line":42,"column":1}}},"3":{"name":"(anonymous_4)","decl":{"start":{"line":44,"column":29},"end":{"line":44,"column":34}},"loc":{"start":{"line":44,"column":67},"end":{"line":58,"column":1}}},"4":{"name":"(anonymous_5)","decl":{"start":{"line":60,"column":34},"end":{"line":60,"column":39}},"loc":{"start":{"line":60,"column":72},"end":{"line":74,"column":1}}},"5":{"name":"(anonymous_6)","decl":{"start":{"line":76,"column":29},"end":{"line":76,"column":34}},"loc":{"start":{"line":76,"column":67},"end":{"line":89,"column":1}}}},"branchMap":{"0":{"loc":{"start":{"line":12,"column":8},"end":{"line":16,"column":9}},"type":"if","locations":[{"start":{"line":12,"column":8},"end":{"line":16,"column":9}},{"start":{"line":14,"column":15},"end":{"line":16,"column":9}}]},"1":{"loc":{"start":{"line":48,"column":8},"end":{"line":54,"column":9}},"type":"if","locations":[{"start":{"line":48,"column":8},"end":{"line":54,"column":9}},{"start":{"line":52,"column":15},"end":{"line":54,"column":9}}]},"2":{"loc":{"start":{"line":64,"column":8},"end":{"line":70,"column":9}},"type":"if","locations":[{"start":{"line":64,"column":8},"end":{"line":70,"column":9}},{"start":{"line":68,"column":15},"end":{"line":70,"column":9}}]},"3":{"loc":{"start":{"line":80,"column":8},"end":{"line":85,"column":9}},"type":"if","locations":[{"start":{"line":80,"column":8},"end":{"line":85,"column":9}},{"start":{"line":83,"column":15},"end":{"line":85,"column":9}}]}},"s":{"0":2,"1":2,"2":2,"3":2,"4":2,"5":2,"6":1,"7":1,"8":0,"9":2,"10":2,"11":2,"12":2,"13":2,"14":0,"15":2,"16":2,"17":1,"18":1,"19":1,"20":0,"21":2,"22":2,"23":2,"24":2,"25":2,"26":2,"27":1,"28":1,"29":1,"30":1,"31":0,"32":2,"33":2,"34":2,"35":2,"36":2,"37":2,"38":1,"39":1,"40":1,"41":1,"42":0,"43":2,"44":2,"45":2,"46":2,"47":2,"48":2,"49":1,"50":1,"51":1,"52":0,"53":2},"f":{"0":2,"1":2,"2":1,"3":2,"4":2,"5":2},"b":{"0":[1,1],"1":[1,1],"2":[1,1],"3":[1,1]}}
,"C:\\Users\\hbaiz\\Documents\\Proyectos\\Curso React, Next, MERN, PERN\\rest-api-node-server\\src\\middleware\\index.ts": {"path":"C:\\Users\\hbaiz\\Documents\\Proyectos\\Curso React, Next, MERN, PERN\\rest-api-node-server\\src\\middleware\\index.ts","statementMap":{"0":{"start":{"line":2,"column":0},"end":{"line":2,"column":53}},"1":{"start":{"line":4,"column":33},"end":{"line":12,"column":1}},"2":{"start":{"line":5,"column":17},"end":{"line":5,"column":38}},"3":{"start":{"line":6,"column":4},"end":{"line":9,"column":5}},"4":{"start":{"line":7,"column":8},"end":{"line":7,"column":55}},"5":{"start":{"line":8,"column":8},"end":{"line":8,"column":15}},"6":{"start":{"line":11,"column":4},"end":{"line":11,"column":11}},"7":{"start":{"line":4,"column":13},"end":{"line":4,"column":33}}},"fnMap":{"0":{"name":"(anonymous_0)","decl":{"start":{"line":4,"column":33},"end":{"line":4,"column":34}},"loc":{"start":{"line":4,"column":85},"end":{"line":12,"column":1}}}},"branchMap":{"0":{"loc":{"start":{"line":6,"column":4},"end":{"line":9,"column":5}},"type":"if","locations":[{"start":{"line":6,"column":4},"end":{"line":9,"column":5}}]}},"s":{"0":2,"1":2,"2":16,"3":16,"4":7,"5":7,"6":9,"7":2},"f":{"0":16},"b":{"0":[7]}}
,"C:\\Users\\hbaiz\\Documents\\Proyectos\\Curso React, Next, MERN, PERN\\rest-api-node-server\\src\\models\\Product.model.ts": {"path":"C:\\Users\\hbaiz\\Documents\\Proyectos\\Curso React, Next, MERN, PERN\\rest-api-node-server\\src\\models\\Product.model.ts","statementMap":{"0":{"start":{"line":1,"column":0},"end":{"line":1,"column":48}},"1":{"start":{"line":3,"column":0},"end":{"line":3,"column":30}},"2":{"start":{"line":5,"column":16},"end":{"line":16,"column":2}},"3":{"start":{"line":31,"column":0},"end":{"line":31,"column":null}}},"fnMap":{},"branchMap":{},"s":{"0":2,"1":2,"2":2,"3":2},"f":{},"b":{}}
}
