TN:
SF:src\router.ts
FN:19,(anonymous_0)
FN:29,(anonymous_1)
FNF:2
FNH:2
FNDA:3,(anonymous_0)
FNDA:4,(anonymous_1)
DA:1,2
DA:2,2
DA:3,2
DA:4,2
DA:6,2
DA:8,2
DA:9,2
DA:14,2
DA:19,3
DA:24,2
DA:29,4
DA:36,2
DA:43,2
DA:49,2
LF:14
LH:14
BRF:0
BRH:0
end_of_record
TN:
SF:src\server.ts
FN:6,connectDB
FN:9,(anonymous_2)
FN:25,(anonymous_3)
FN:31,(anonymous_4)
FNF:4
FNH:4
FNDA:3,connectDB
FNDA:1,(anonymous_2)
FNDA:12,(anonymous_3)
FNDA:1,(anonymous_4)
DA:1,2
DA:2,2
DA:3,2
DA:4,2
DA:6,2
DA:7,3
DA:9,3
DA:14,2
DA:15,2
DA:18,2
DA:20,2
DA:22,2
DA:24,2
DA:25,2
DA:26,12
DA:27,12
DA:31,2
DA:32,1
DA:35,2
LF:19
LH:19
BRDA:26,0,0,12
BRDA:26,1,0,12
BRDA:26,1,1,12
BRF:3
BRH:3
end_of_record
TN:
SF:src\config\db.ts
FNF:0
FNH:0
DA:1,2
DA:2,2
DA:3,2
DA:6,2
DA:13,2
LF:5
LH:5
BRF:0
BRH:0
end_of_record
TN:
SF:src\handlers\product.ts
FN:4,(anonymous_1)
FN:22,(anonymous_2)
FN:35,(anonymous_3)
FN:44,(anonymous_4)
FN:60,(anonymous_5)
FN:76,(anonymous_6)
FNF:6
FNH:6
FNDA:2,(anonymous_1)
FNDA:2,(anonymous_2)
FNDA:1,(anonymous_3)
FNDA:2,(anonymous_4)
FNDA:2,(anonymous_5)
FNDA:2,(anonymous_6)
DA:2,2
DA:4,2
DA:5,2
DA:6,2
DA:7,2
DA:12,2
DA:13,1
DA:15,1
DA:18,0
DA:22,2
DA:23,2
DA:24,2
DA:29,2
DA:31,0
DA:35,2
DA:36,1
DA:37,1
DA:38,1
DA:40,0
DA:44,2
DA:45,2
DA:46,2
DA:47,2
DA:48,2
DA:49,1
DA:50,1
DA:51,1
DA:53,1
DA:56,0
DA:60,2
DA:61,2
DA:62,2
DA:63,2
DA:64,2
DA:65,1
DA:66,1
DA:67,1
DA:69,1
DA:72,0
DA:76,2
DA:77,2
DA:78,2
DA:79,2
DA:80,2
DA:81,1
DA:82,1
DA:84,1
DA:87,0
LF:48
LH:42
BRDA:12,0,0,1
BRDA:12,0,1,1
BRDA:48,1,0,1
BRDA:48,1,1,1
BRDA:64,2,0,1
BRDA:64,2,1,1
BRDA:80,3,0,1
BRDA:80,3,1,1
BRF:8
BRH:8
end_of_record
TN:
SF:src\middleware\index.ts
FN:4,(anonymous_0)
FNF:1
FNH:1
FNDA:16,(anonymous_0)
DA:2,2
DA:4,2
DA:5,16
DA:6,16
DA:7,7
DA:8,7
DA:11,9
LF:7
LH:7
BRDA:6,0,0,7
BRF:1
BRH:1
end_of_record
TN:
SF:src\models\Product.model.ts
FNF:0
FNH:0
DA:1,2
DA:3,2
DA:5,2
DA:31,2
LF:4
LH:4
BRF:0
BRH:0
end_of_record
